0 info it worked if it ends with ok
1 verbose cli [ 'D:\\Program Files\\nodejs\\node.exe',
1 verbose cli   'C:\\Users\\stoat\\AppData\\Roaming\\npm\\node_modules\\cnpm\\node_modules\\npm\\bin\\npm-cli.js',
1 verbose cli   '--userconfig=C:\\Users\\stoat\\.cnpmrc',
1 verbose cli   '--disturl=https://npm.taobao.org/mirrors/node',
1 verbose cli   '--registry=https://registry.npm.taobao.org',
1 verbose cli   'run',
1 verbose cli   'start' ]
2 info using npm@3.8.6
3 info using node@v4.4.2
4 verbose run-script [ 'prestart', 'start', 'poststart' ]
5 info lifecycle real-time-chat@0.0.0~prestart: real-time-chat@0.0.0
6 silly lifecycle real-time-chat@0.0.0~prestart: no script for prestart, continuing
7 info lifecycle real-time-chat@0.0.0~start: real-time-chat@0.0.0
8 verbose lifecycle real-time-chat@0.0.0~start: unsafe-perm in lifecycle true
9 verbose lifecycle real-time-chat@0.0.0~start: PATH: C:\Users\stoat\AppData\Roaming\npm\node_modules\cnpm\node_modules\npm\bin\node-gyp-bin;D:\my-demo\real-time-chat\node_modules\.bin;D:\Program Files\nodejs;D:\Program Files\cmder\bin;D:\Program Files\cmder\vendor\msysgit\bin;D:\Program Files\cmder\vendor\msysgit\mingw\bin;D:\Program Files\cmder\vendor\msysgit\cmd;D:\Program Files\cmder\vendor\msysgit\share\vim\vim74;D:\Program Files\cmder;D:\Program Files\cmder\vendor\conemu-maximus5\ConEmu;D:\Program Files\cmder\vendor\conemu-maximus5;C:\ProgramData\Oracle\Java\javapath;C:\WINDOWS\system32;C:\WINDOWS;C:\WINDOWS\System32\Wbem;C:\WINDOWS\System32\WindowsPowerShell\v1.0\;d:\Program Files\Git\cmd;d:\Program Files\Git\mingw64\bin;d:\Program Files\Git\usr\bin;D:\Program Files\TortoiseSVN\bin;D:\Program Files\nodejs\;C:\Users\stoat\AppData\Roaming\npm
10 verbose lifecycle real-time-chat@0.0.0~start: CWD: D:\my-demo\real-time-chat
11 silly lifecycle real-time-chat@0.0.0~start: Args: [ '/d /s /c', 'node ./bin/www' ]
12 silly lifecycle real-time-chat@0.0.0~start: Returned: code: 1  signal: null
13 info lifecycle real-time-chat@0.0.0~start: Failed to exec start script
14 verbose stack Error: real-time-chat@0.0.0 start: `node ./bin/www`
14 verbose stack Exit status 1
14 verbose stack     at EventEmitter.<anonymous> (C:\Users\stoat\AppData\Roaming\npm\node_modules\cnpm\node_modules\npm\lib\utils\lifecycle.js:239:16)
14 verbose stack     at emitTwo (events.js:87:13)
14 verbose stack     at EventEmitter.emit (events.js:172:7)
14 verbose stack     at ChildProcess.<anonymous> (C:\Users\stoat\AppData\Roaming\npm\node_modules\cnpm\node_modules\npm\lib\utils\spawn.js:24:14)
14 verbose stack     at emitTwo (events.js:87:13)
14 verbose stack     at ChildProcess.emit (events.js:172:7)
14 verbose stack     at maybeClose (internal/child_process.js:827:16)
14 verbose stack     at Process.ChildProcess._handle.onexit (internal/child_process.js:211:5)
15 verbose pkgid real-time-chat@0.0.0
16 verbose cwd D:\my-demo\real-time-chat
17 error Windows_NT 10.0.10586
18 error argv "D:\\Program Files\\nodejs\\node.exe" "C:\\Users\\stoat\\AppData\\Roaming\\npm\\node_modules\\cnpm\\node_modules\\npm\\bin\\npm-cli.js" "--userconfig=C:\\Users\\stoat\\.cnpmrc" "--disturl=https://npm.taobao.org/mirrors/node" "--registry=https://registry.npm.taobao.org" "run" "start"
19 error node v4.4.2
20 error npm  v3.8.6
21 error code ELIFECYCLE
22 error real-time-chat@0.0.0 start: `node ./bin/www`
22 error Exit status 1
23 error Failed at the real-time-chat@0.0.0 start script 'node ./bin/www'.
23 error Make sure you have the latest version of node.js and npm installed.
23 error If you do, this is most likely a problem with the real-time-chat package,
23 error not with npm itself.
23 error Tell the author that this fails on your system:
23 error     node ./bin/www
23 error You can get information on how to open an issue for this project with:
23 error     npm bugs real-time-chat
23 error Or if that isn't available, you can get their info via:
23 error     npm owner ls real-time-chat
23 error There is likely additional logging output above.
24 verbose exit [ 1, true ]
